0 verbose cli C:\Program Files\nodejs\node.exe C:\Program Files\nodejs\node_modules\npm\bin\npm-cli.js
1 info using npm@11.9.0
2 info using node@v24.14.0
3 silly config load:file:C:\Program Files\nodejs\node_modules\npm\npmrc
4 silly config load:file:C:\Users\utkug\Desktop\emlak\.npmrc
5 silly config load:file:C:\Users\utkug\.npmrc
6 silly config load:file:C:\Users\utkug\AppData\Roaming\npm\etc\npmrc
7 verbose title npm install next-auth@4
8 verbose argv "install" "next-auth@4"
9 verbose logfile logs-max:10 dir:C:\Users\utkug\Desktop\emlak\.npm-cache\_logs\2026-03-21T16_44_22_483Z-
10 verbose logfile C:\Users\utkug\Desktop\emlak\.npm-cache\_logs\2026-03-21T16_44_22_483Z-debug-0.log
11 silly logfile done cleaning log files
12 silly packumentCache heap:4496293888 maxSize:1124073472 maxEntrySize:562036736
13 silly idealTree buildDeps
14 silly fetch manifest next-auth@4
15 silly packumentCache full:https://registry.npmjs.org/next-auth cache-miss
16 http fetch GET 200 https://registry.npmjs.org/npm 193ms
17 http fetch GET 200 https://registry.npmjs.org/next-auth 177ms (cache miss)
18 silly packumentCache full:https://registry.npmjs.org/next-auth set size:undefined disposed:false
19 silly fetch manifest @auth/core@0.34.3
20 silly packumentCache full:https://registry.npmjs.org/@auth%2fcore cache-miss
21 http fetch GET 200 https://registry.npmjs.org/@auth%2fcore 51ms (cache miss)
22 silly packumentCache full:https://registry.npmjs.org/@auth%2fcore set size:undefined disposed:false
23 silly fetch manifest @simplewebauthn/browser@^9.0.1
24 silly packumentCache full:https://registry.npmjs.org/@simplewebauthn%2fbrowser cache-miss
25 http fetch GET 200 https://registry.npmjs.org/@simplewebauthn%2fbrowser 59ms (cache miss)
26 silly packumentCache full:https://registry.npmjs.org/@simplewebauthn%2fbrowser set size:undefined disposed:false
27 silly fetch manifest @simplewebauthn/server@^9.0.2
28 silly packumentCache full:https://registry.npmjs.org/@simplewebauthn%2fserver cache-miss
29 http fetch GET 200 https://registry.npmjs.org/@simplewebauthn%2fserver 49ms (cache miss)
30 silly packumentCache full:https://registry.npmjs.org/@simplewebauthn%2fserver set size:undefined disposed:false
31 silly fetch manifest nodemailer@^7
32 silly packumentCache full:https://registry.npmjs.org/nodemailer cache-miss
33 http fetch GET 200 https://registry.npmjs.org/nodemailer 41ms (cache miss)
34 silly packumentCache full:https://registry.npmjs.org/nodemailer set size:undefined disposed:false
35 silly fetch manifest next@^14.2.5
36 silly packumentCache full:https://registry.npmjs.org/next cache-miss
37 http fetch GET 200 https://registry.npmjs.org/next 260ms (cache miss)
38 silly packumentCache full:https://registry.npmjs.org/next set size:undefined disposed:false
39 silly fetch manifest @opentelemetry/api@^1.1.0
40 silly packumentCache full:https://registry.npmjs.org/@opentelemetry%2fapi cache-miss
41 http fetch GET 200 https://registry.npmjs.org/@opentelemetry%2fapi 57ms (cache miss)
42 silly packumentCache full:https://registry.npmjs.org/@opentelemetry%2fapi set size:undefined disposed:false
43 silly fetch manifest @playwright/test@^1.41.2
44 silly packumentCache full:https://registry.npmjs.org/@playwright%2ftest cache-miss
45 http fetch GET 200 https://registry.npmjs.org/@playwright%2ftest 210ms (cache miss)
46 silly packumentCache full:https://registry.npmjs.org/@playwright%2ftest set size:undefined disposed:false
47 silly fetch manifest react@^18.3.1
48 silly packumentCache full:https://registry.npmjs.org/react cache-miss
49 http fetch GET 200 https://registry.npmjs.org/react 126ms (cache miss)
50 silly packumentCache full:https://registry.npmjs.org/react set size:undefined disposed:false
51 silly fetch manifest react-dom@^18.3.1
52 silly packumentCache full:https://registry.npmjs.org/react-dom cache-miss
53 http fetch GET 200 https://registry.npmjs.org/react-dom 141ms (cache miss)
54 silly packumentCache full:https://registry.npmjs.org/react-dom set size:undefined disposed:false
55 silly fetch manifest sass@^1.3.0
56 silly packumentCache full:https://registry.npmjs.org/sass cache-miss
57 http fetch GET 200 https://registry.npmjs.org/sass 52ms (cache miss)
58 silly packumentCache full:https://registry.npmjs.org/sass set size:undefined disposed:false
59 silly placeDep ROOT next-auth@4.24.13 OK for: emlak-automation-listings@1.0.0 want: 4
60 silly fetch manifest @babel/runtime@^7.20.13
61 silly packumentCache full:https://registry.npmjs.org/@babel%2fruntime cache-miss
62 silly fetch manifest @panva/hkdf@^1.0.2
63 silly packumentCache full:https://registry.npmjs.org/@panva%2fhkdf cache-miss
64 silly fetch manifest cookie@^0.7.0
65 silly packumentCache full:https://registry.npmjs.org/cookie cache-miss
66 silly fetch manifest jose@^4.15.5
67 silly packumentCache full:https://registry.npmjs.org/jose cache-miss
68 silly fetch manifest oauth@^0.9.15
69 silly packumentCache full:https://registry.npmjs.org/oauth cache-miss
70 silly fetch manifest openid-client@^5.4.0
71 silly packumentCache full:https://registry.npmjs.org/openid-client cache-miss
72 silly fetch manifest preact@^10.6.3
73 silly packumentCache full:https://registry.npmjs.org/preact cache-miss
74 silly fetch manifest preact-render-to-string@^5.1.19
75 silly packumentCache full:https://registry.npmjs.org/preact-render-to-string cache-miss
76 silly fetch manifest uuid@^8.3.2
77 silly packumentCache full:https://registry.npmjs.org/uuid cache-miss
78 http fetch GET 200 https://registry.npmjs.org/@panva%2fhkdf 45ms (cache miss)
79 silly packumentCache full:https://registry.npmjs.org/@panva%2fhkdf set size:undefined disposed:false
80 http fetch GET 200 https://registry.npmjs.org/@babel%2fruntime 87ms (cache miss)
81 silly packumentCache full:https://registry.npmjs.org/@babel%2fruntime set size:undefined disposed:false
82 http fetch GET 200 https://registry.npmjs.org/cookie 208ms (cache miss)
83 silly packumentCache full:https://registry.npmjs.org/cookie set size:undefined disposed:false
84 http fetch GET 200 https://registry.npmjs.org/preact-render-to-string 225ms (cache miss)
85 silly packumentCache full:https://registry.npmjs.org/preact-render-to-string set size:undefined disposed:false
86 http fetch GET 200 https://registry.npmjs.org/oauth 302ms (cache miss)
87 silly packumentCache full:https://registry.npmjs.org/oauth set size:undefined disposed:false
88 http fetch GET 200 https://registry.npmjs.org/openid-client 307ms (cache miss)
89 silly packumentCache full:https://registry.npmjs.org/openid-client set size:undefined disposed:false
90 http fetch GET 200 https://registry.npmjs.org/jose 334ms (cache miss)
91 silly packumentCache full:https://registry.npmjs.org/jose set size:undefined disposed:false
92 http fetch GET 200 https://registry.npmjs.org/uuid 500ms (cache miss)
93 silly packumentCache full:https://registry.npmjs.org/uuid set size:undefined disposed:false
94 http fetch GET 200 https://registry.npmjs.org/preact 562ms (cache miss)
95 silly packumentCache full:https://registry.npmjs.org/preact set size:undefined disposed:false
96 silly placeDep ROOT @babel/runtime@7.29.2 OK for: next-auth@4.24.13 want: ^7.20.13
97 silly placeDep ROOT @panva/hkdf@1.2.1 OK for: next-auth@4.24.13 want: ^1.0.2
98 silly placeDep ROOT cookie@0.7.2 OK for: next-auth@4.24.13 want: ^0.7.0
99 silly placeDep ROOT jose@4.15.9 OK for: next-auth@4.24.13 want: ^4.15.5
100 silly placeDep ROOT oauth@0.9.15 OK for: next-auth@4.24.13 want: ^0.9.15
101 silly placeDep ROOT openid-client@5.7.1 OK for: next-auth@4.24.13 want: ^5.4.0
102 silly placeDep ROOT preact@10.29.0 OK for: next-auth@4.24.13 want: ^10.6.3
103 silly placeDep ROOT preact-render-to-string@5.2.6 OK for: next-auth@4.24.13 want: ^5.1.19
104 silly placeDep ROOT uuid@8.3.2 OK for: next-auth@4.24.13 want: ^8.3.2
105 silly fetch manifest lru-cache@^6.0.0
106 silly packumentCache full:https://registry.npmjs.org/lru-cache cache-miss
107 silly fetch manifest object-hash@^2.2.0
108 silly packumentCache full:https://registry.npmjs.org/object-hash cache-miss
109 silly fetch manifest oidc-token-hash@^5.0.3
110 silly packumentCache full:https://registry.npmjs.org/oidc-token-hash cache-miss
111 silly fetch manifest pretty-format@^3.8.0
112 silly packumentCache full:https://registry.npmjs.org/pretty-format cache-miss
113 http fetch GET 200 https://registry.npmjs.org/oidc-token-hash 55ms (cache miss)
114 silly packumentCache full:https://registry.npmjs.org/oidc-token-hash set size:undefined disposed:false
115 http fetch GET 200 https://registry.npmjs.org/lru-cache 67ms (cache miss)
116 silly packumentCache full:https://registry.npmjs.org/lru-cache set size:undefined disposed:false
117 http fetch GET 200 https://registry.npmjs.org/object-hash 70ms (cache miss)
118 silly packumentCache full:https://registry.npmjs.org/object-hash set size:undefined disposed:false
119 http fetch GET 200 https://registry.npmjs.org/pretty-format 82ms (cache miss)
120 silly packumentCache full:https://registry.npmjs.org/pretty-format set size:undefined disposed:false
121 silly placeDep ROOT lru-cache@6.0.0 OK for: openid-client@5.7.1 want: ^6.0.0
122 silly placeDep node_modules/openid-client object-hash@2.2.0 OK for: openid-client@5.7.1 want: ^2.2.0
123 silly placeDep ROOT oidc-token-hash@5.2.0 OK for: openid-client@5.7.1 want: ^5.0.3
124 silly fetch manifest yallist@^4.0.0
125 silly packumentCache full:https://registry.npmjs.org/yallist cache-miss
126 http fetch GET 200 https://registry.npmjs.org/yallist 36ms (cache miss)
127 silly packumentCache full:https://registry.npmjs.org/yallist set size:undefined disposed:false
128 silly placeDep ROOT yallist@4.0.0 OK for: lru-cache@6.0.0 want: ^4.0.0
129 silly placeDep ROOT pretty-format@3.8.0 OK for: preact-render-to-string@5.2.6 want: ^3.8.0
130 silly reify moves {}
131 silly audit bulk request {
131 silly audit   '@alloc/quick-lru': [ '5.2.0' ],
131 silly audit   '@jridgewell/gen-mapping': [ '0.3.13' ],
131 silly audit   '@jridgewell/resolve-uri': [ '3.1.2' ],
131 silly audit   '@jridgewell/sourcemap-codec': [ '1.5.5' ],
131 silly audit   '@jridgewell/trace-mapping': [ '0.3.31' ],
131 silly audit   '@next/env': [ '14.2.35' ],
131 silly audit   '@next/swc-darwin-arm64': [ '14.2.33' ],
131 silly audit   '@next/swc-darwin-x64': [ '14.2.33' ],
131 silly audit   '@next/swc-linux-arm64-gnu': [ '14.2.33' ],
131 silly audit   '@next/swc-linux-arm64-musl': [ '14.2.33' ],
131 silly audit   '@next/swc-linux-x64-gnu': [ '14.2.33' ],
131 silly audit   '@next/swc-linux-x64-musl': [ '14.2.33' ],
131 silly audit   '@next/swc-win32-arm64-msvc': [ '14.2.33' ],
131 silly audit   '@next/swc-win32-ia32-msvc': [ '14.2.33' ],
131 silly audit   '@next/swc-win32-x64-msvc': [ '14.2.33' ],
131 silly audit   '@nodelib/fs.scandir': [ '2.1.5' ],
131 silly audit   '@nodelib/fs.stat': [ '2.0.5' ],
131 silly audit   '@nodelib/fs.walk': [ '1.2.8' ],
131 silly audit   '@swc/counter': [ '0.1.3' ],
131 silly audit   '@swc/helpers': [ '0.5.5' ],
131 silly audit   '@types/node': [ '20.14.10' ],
131 silly audit   '@types/prop-types': [ '15.7.15' ],
131 silly audit   '@types/react': [ '18.3.3' ],
131 silly audit   '@types/react-dom': [ '18.3.0' ],
131 silly audit   'any-promise': [ '1.3.0' ],
131 silly audit   anymatch: [ '3.1.3' ],
131 silly audit   arg: [ '5.0.2' ],
131 silly audit   autoprefixer: [ '10.4.19' ],
131 silly audit   'baseline-browser-mapping': [ '2.10.9' ],
131 silly audit   'binary-extensions': [ '2.3.0' ],
131 silly audit   braces: [ '3.0.3' ],
131 silly audit   browserslist: [ '4.28.1' ],
131 silly audit   busboy: [ '1.6.0' ],
131 silly audit   'camelcase-css': [ '2.0.1' ],
131 silly audit   'caniuse-lite': [ '1.0.30001780' ],
131 silly audit   chokidar: [ '3.6.0' ],
131 silly audit   'glob-parent': [ '5.1.2', '6.0.2' ],
131 silly audit   'client-only': [ '0.0.1' ],
131 silly audit   commander: [ '4.1.1' ],
131 silly audit   cssesc: [ '3.0.0' ],
131 silly audit   csstype: [ '3.2.3' ],
131 silly audit   didyoumean: [ '1.2.2' ],
131 silly audit   dlv: [ '1.1.3' ],
131 silly audit   'electron-to-chromium': [ '1.5.321' ],
131 silly audit   escalade: [ '3.2.0' ],
131 silly audit   'fast-glob': [ '3.3.3' ],
131 silly audit   fastq: [ '1.20.1' ],
131 silly audit   'fill-range': [ '7.1.1' ],
131 silly audit   'fraction.js': [ '4.3.7' ],
131 silly audit   fsevents: [ '2.3.3' ],
131 silly audit   'function-bind': [ '1.1.2' ],
131 silly audit   'graceful-fs': [ '4.2.11' ],
131 silly audit   hasown: [ '2.0.2' ],
131 silly audit   'is-binary-path': [ '2.1.0' ],
131 silly audit   'is-core-module': [ '2.16.1' ],
131 silly audit   'is-extglob': [ '2.1.1' ],
131 silly audit   'is-glob': [ '4.0.3' ],
131 silly audit   'is-number': [ '7.0.0' ],
131 silly audit   jiti: [ '1.21.7' ],
131 silly audit   'js-tokens': [ '4.0.0' ],
131 silly audit   lilconfig: [ '2.1.0', '3.1.3' ],
131 silly audit   'lines-and-columns': [ '1.2.4' ],
131 silly audit   'loose-envify': [ '1.4.0' ],
131 silly audit   'lucide-react': [ '0.577.0' ],
131 silly audit   merge2: [ '1.4.1' ],
131 silly audit   micromatch: [ '4.0.8' ],
131 silly audit   mz: [ '2.7.0' ],
131 silly audit   nanoid: [ '3.3.11' ],
131 silly audit   next: [ '14.2.35' ],
131 silly audit   postcss: [ '8.4.31', '8.4.39' ],
131 silly audit   'node-releases': [ '2.0.36' ],
131 silly audit   'normalize-path': [ '3.0.0' ],
131 silly audit   'normalize-range': [ '0.1.2' ],
131 silly audit   'object-assign': [ '4.1.1' ],
131 silly audit   'object-hash': [ '3.0.0', '2.2.0' ],
131 silly audit   'path-parse': [ '1.0.7' ],
131 silly audit   picocolors: [ '1.1.1' ],
131 silly audit   picomatch: [ '2.3.1', '4.0.3' ],
131 silly audit   pify: [ '2.3.0' ],
131 silly audit   pirates: [ '4.0.7' ],
131 silly audit   'postcss-import': [ '15.1.0' ],
131 silly audit   'postcss-js': [ '4.1.0' ],
131 silly audit   'postcss-nested': [ '6.2.0' ],
131 silly audit   'postcss-selector-parser': [ '6.1.2' ],
131 silly audit   'postcss-value-parser': [ '4.2.0' ],
131 silly audit   'queue-microtask': [ '1.2.3' ],
131 silly audit   react: [ '18.3.1' ],
131 silly audit   'react-dom': [ '18.3.1' ],
131 silly audit   'read-cache': [ '1.0.0' ],
131 silly audit   readdirp: [ '3.6.0' ],
131 silly audit   resolve: [ '1.22.11' ],
131 silly audit   reusify: [ '1.1.0' ],
131 silly audit   'run-parallel': [ '1.2.0' ],
131 silly audit   scheduler: [ '0.23.2' ],
131 silly audit   'source-map-js': [ '1.2.1' ],
131 silly audit   streamsearch: [ '1.1.0' ],
131 silly audit   'styled-jsx': [ '5.1.1' ],
131 silly audit   sucrase: [ '3.35.1' ],
131 silly audit   'supports-preserve-symlinks-flag': [ '1.0.0' ],
131 silly audit   tailwindcss: [ '3.4.6' ],
131 silly audit   'postcss-load-config': [ '4.0.2' ],
131 silly audit   thenify: [ '3.3.1' ],
131 silly audit   'thenify-all': [ '1.6.0' ],
131 silly audit   tinyglobby: [ '0.2.15' ],
131 silly audit   fdir: [ '6.5.0' ],
131 silly audit   'to-regex-range': [ '5.0.1' ],
131 silly audit   'ts-interface-checker': [ '0.1.13' ],
131 silly audit   tslib: [ '2.8.1' ],
131 silly audit   typescript: [ '5.5.3' ],
131 silly audit   'undici-types': [ '5.26.5' ],
131 silly audit   'update-browserslist-db': [ '1.2.3' ],
131 silly audit   'util-deprecate': [ '1.0.2' ],
131 silly audit   yaml: [ '2.8.2' ],
131 silly audit   'next-auth': [ '4.24.13' ],
131 silly audit   '@babel/runtime': [ '7.29.2' ],
131 silly audit   '@panva/hkdf': [ '1.2.1' ],
131 silly audit   cookie: [ '0.7.2' ],
131 silly audit   jose: [ '4.15.9' ],
131 silly audit   oauth: [ '0.9.15' ],
131 silly audit   'openid-client': [ '5.7.1' ],
131 silly audit   preact: [ '10.29.0' ],
131 silly audit   'preact-render-to-string': [ '5.2.6' ],
131 silly audit   uuid: [ '8.3.2' ],
131 silly audit   'lru-cache': [ '6.0.0' ],
131 silly audit   'oidc-token-hash': [ '5.2.0' ],
131 silly audit   yallist: [ '4.0.0' ],
131 silly audit   'pretty-format': [ '3.8.0' ]
131 silly audit }
132 http cache oidc-token-hash@https://registry.npmjs.org/oidc-token-hash/-/oidc-token-hash-5.2.0.tgz 1ms (cache hit)
133 http cache pretty-format@https://registry.npmjs.org/pretty-format/-/pretty-format-3.8.0.tgz 0ms (cache hit)
134 http cache yallist@https://registry.npmjs.org/yallist/-/yallist-4.0.0.tgz 0ms (cache hit)
135 http cache lru-cache@https://registry.npmjs.org/lru-cache/-/lru-cache-6.0.0.tgz 0ms (cache hit)
136 http cache uuid@https://registry.npmjs.org/uuid/-/uuid-8.3.2.tgz 0ms (cache hit)
137 http cache preact-render-to-string@https://registry.npmjs.org/preact-render-to-string/-/preact-render-to-string-5.2.6.tgz 0ms (cache hit)
138 http cache openid-client@https://registry.npmjs.org/openid-client/-/openid-client-5.7.1.tgz 0ms (cache hit)
139 http cache preact@https://registry.npmjs.org/preact/-/preact-10.29.0.tgz 0ms (cache hit)
140 http cache @panva/hkdf@https://registry.npmjs.org/@panva/hkdf/-/hkdf-1.2.1.tgz 0ms (cache hit)
141 http cache @babel/runtime@https://registry.npmjs.org/@babel/runtime/-/runtime-7.29.2.tgz 0ms (cache hit)
142 http cache oauth@https://registry.npmjs.org/oauth/-/oauth-0.9.15.tgz 0ms (cache hit)
143 http cache object-hash@https://registry.npmjs.org/object-hash/-/object-hash-2.2.0.tgz 0ms (cache hit)
144 http cache jose@https://registry.npmjs.org/jose/-/jose-4.15.9.tgz 0ms (cache hit)
145 http cache cookie@https://registry.npmjs.org/cookie/-/cookie-0.7.2.tgz 0ms (cache hit)
146 silly tarball no local data for oidc-token-hash@https://registry.npmjs.org/oidc-token-hash/-/oidc-token-hash-5.2.0.tgz. Extracting by manifest.
147 silly tarball no local data for pretty-format@https://registry.npmjs.org/pretty-format/-/pretty-format-3.8.0.tgz. Extracting by manifest.
148 silly tarball no local data for yallist@https://registry.npmjs.org/yallist/-/yallist-4.0.0.tgz. Extracting by manifest.
149 http cache next-auth@https://registry.npmjs.org/next-auth/-/next-auth-4.24.13.tgz 0ms (cache hit)
150 silly tarball no local data for lru-cache@https://registry.npmjs.org/lru-cache/-/lru-cache-6.0.0.tgz. Extracting by manifest.
151 silly tarball no local data for uuid@https://registry.npmjs.org/uuid/-/uuid-8.3.2.tgz. Extracting by manifest.
152 silly tarball no local data for preact-render-to-string@https://registry.npmjs.org/preact-render-to-string/-/preact-render-to-string-5.2.6.tgz. Extracting by manifest.
153 silly tarball no local data for openid-client@https://registry.npmjs.org/openid-client/-/openid-client-5.7.1.tgz. Extracting by manifest.
154 silly tarball no local data for preact@https://registry.npmjs.org/preact/-/preact-10.29.0.tgz. Extracting by manifest.
155 silly tarball no local data for @panva/hkdf@https://registry.npmjs.org/@panva/hkdf/-/hkdf-1.2.1.tgz. Extracting by manifest.
156 silly tarball no local data for @babel/runtime@https://registry.npmjs.org/@babel/runtime/-/runtime-7.29.2.tgz. Extracting by manifest.
157 silly tarball no local data for oauth@https://registry.npmjs.org/oauth/-/oauth-0.9.15.tgz. Extracting by manifest.
158 silly tarball no local data for object-hash@https://registry.npmjs.org/object-hash/-/object-hash-2.2.0.tgz. Extracting by manifest.
159 silly tarball no local data for jose@https://registry.npmjs.org/jose/-/jose-4.15.9.tgz. Extracting by manifest.
160 silly tarball no local data for cookie@https://registry.npmjs.org/cookie/-/cookie-0.7.2.tgz. Extracting by manifest.
161 silly tarball no local data for next-auth@https://registry.npmjs.org/next-auth/-/next-auth-4.24.13.tgz. Extracting by manifest.
162 http fetch GET 200 https://registry.npmjs.org/yallist/-/yallist-4.0.0.tgz 69ms (cache miss)
163 http fetch GET 200 https://registry.npmjs.org/oidc-token-hash/-/oidc-token-hash-5.2.0.tgz 74ms (cache miss)
164 http fetch GET 200 https://registry.npmjs.org/lru-cache/-/lru-cache-6.0.0.tgz 80ms (cache miss)
165 http fetch GET 200 https://registry.npmjs.org/pretty-format/-/pretty-format-3.8.0.tgz 86ms (cache miss)
166 http fetch GET 200 https://registry.npmjs.org/preact-render-to-string/-/preact-render-to-string-5.2.6.tgz 151ms (cache miss)
167 http fetch GET 200 https://registry.npmjs.org/openid-client/-/openid-client-5.7.1.tgz 151ms (cache miss)
168 http fetch GET 200 https://registry.npmjs.org/cookie/-/cookie-0.7.2.tgz 156ms (cache miss)
169 http fetch POST 200 https://registry.npmjs.org/-/npm/v1/security/advisories/bulk 187ms
170 silly audit report {
170 silly audit report   next: [
170 silly audit report     {
170 silly audit report       id: 1112593,
170 silly audit report       url: 'https://github.com/advisories/GHSA-9g9p-9gw9-jx7f',
170 silly audit report       title: 'Next.js self-hosted applications vulnerable to DoS via Image Optimizer remotePatterns configuration',
170 silly audit report       severity: 'moderate',
170 silly audit report       vulnerable_versions: '>=10.0.0 <15.5.10',
170 silly audit report       cwe: [Array],
170 silly audit report       cvss: [Object]
170 silly audit report     },
170 silly audit report     {
170 silly audit report       id: 1112653,
170 silly audit report       url: 'https://github.com/advisories/GHSA-h25m-26qc-wcjf',
170 silly audit report       title: 'Next.js HTTP request deserialization can lead to DoS when using insecure React Server Components',
170 silly audit report       severity: 'high',
170 silly audit report       vulnerable_versions: '>=13.0.0 <15.0.8',
170 silly audit report       cwe: [Array],
170 silly audit report       cvss: [Object]
170 silly audit report     },
170 silly audit report     {
170 silly audit report       id: 1114897,
170 silly audit report       url: 'https://github.com/advisories/GHSA-ggv3-7p47-pfv8',
170 silly audit report       title: 'Next.js: HTTP request smuggling in rewrites',
170 silly audit report       severity: 'moderate',
170 silly audit report       vulnerable_versions: '>=9.5.0 <15.5.13',
170 silly audit report       cwe: [Array],
170 silly audit report       cvss: [Object]
170 silly audit report     },
170 silly audit report     {
170 silly audit report       id: 1114940,
170 silly audit report       url: 'https://github.com/advisories/GHSA-3x4c-7xq6-9pq8',
170 silly audit report       title: 'Next.js: Unbounded next/image disk cache growth can exhaust storage',
170 silly audit report       severity: 'moderate',
170 silly audit report       vulnerable_versions: '>=10.0.0 <15.5.14',
170 silly audit report       cwe: [Array],
170 silly audit report       cvss: [Object]
170 silly audit report     }
170 silly audit report   ]
170 silly audit report }
171 silly packumentCache corgi:https://registry.npmjs.org/next cache-miss
172 http fetch GET 200 https://registry.npmjs.org/object-hash/-/object-hash-2.2.0.tgz 177ms (cache miss)
173 http fetch GET 200 https://registry.npmjs.org/oauth/-/oauth-0.9.15.tgz 189ms (cache miss)
174 http fetch GET 200 https://registry.npmjs.org/uuid/-/uuid-8.3.2.tgz 227ms (cache miss)
175 http fetch GET 200 https://registry.npmjs.org/@panva/hkdf/-/hkdf-1.2.1.tgz 353ms (cache miss)
176 http fetch GET 200 https://registry.npmjs.org/preact/-/preact-10.29.0.tgz 409ms (cache miss)
177 http fetch GET 200 https://registry.npmjs.org/next 352ms (cache miss)
178 silly packumentCache corgi:https://registry.npmjs.org/next set size:undefined disposed:false
179 silly packumentCache corgi:https://registry.npmjs.org/next-auth cache-miss
180 http fetch GET 200 https://registry.npmjs.org/@babel/runtime/-/runtime-7.29.2.tgz 1103ms (cache miss)
181 http fetch GET 200 https://registry.npmjs.org/next-auth 84ms (cache miss)
182 silly packumentCache corgi:https://registry.npmjs.org/next-auth set size:undefined disposed:false
183 http fetch GET 200 https://registry.npmjs.org/jose/-/jose-4.15.9.tgz 1532ms (cache miss)
184 http fetch GET 200 https://registry.npmjs.org/next-auth/-/next-auth-4.24.13.tgz 1598ms (cache miss)
185 silly ADD node_modules/pretty-format
186 silly ADD node_modules/yallist
187 silly ADD node_modules/oidc-token-hash
188 silly ADD node_modules/lru-cache
189 silly ADD node_modules/uuid
190 silly ADD node_modules/preact-render-to-string
191 silly ADD node_modules/preact
192 silly ADD node_modules/openid-client
193 silly ADD node_modules/openid-client/node_modules/object-hash
194 silly ADD node_modules/oauth
195 silly ADD node_modules/jose
196 silly ADD node_modules/cookie
197 silly ADD node_modules/@panva/hkdf
198 silly ADD node_modules/@babel/runtime
199 silly ADD node_modules/next-auth
200 verbose cwd C:\Users\utkug\Desktop\emlak
201 verbose os Windows_NT 10.0.26200
202 verbose node v24.14.0
203 verbose npm  v11.9.0
204 notice
204 notice New minor version of npm available! 11.9.0 -> 11.12.0
204 notice Changelog: https://github.com/npm/cli/releases/tag/v11.12.0
204 notice To update run: npm install -g npm@11.12.0
204 notice  { force: true, Symbol(proc-log.meta): true }
205 verbose exit 0
206 info ok
