0 verbose cli C:\Program Files\nodejs\node.exe C:\Program Files\nodejs\node_modules\npm\bin\npm-cli.js
1 info using npm@11.9.0
2 info using node@v24.14.0
3 silly config load:file:C:\Program Files\nodejs\node_modules\npm\npmrc
4 silly config load:file:C:\Users\utkug\Desktop\emlak\.npmrc
5 silly config load:file:C:\Users\utkug\.npmrc
6 silly config load:file:C:\Users\utkug\AppData\Roaming\npm\etc\npmrc
7 verbose title npm install framer-motion@11.18.2
8 verbose argv "install" "framer-motion@11.18.2"
9 verbose logfile logs-max:10 dir:C:\Users\utkug\Desktop\emlak\.npm-cache\_logs\2026-03-23T18_47_42_017Z-
10 verbose logfile C:\Users\utkug\Desktop\emlak\.npm-cache\_logs\2026-03-23T18_47_42_017Z-debug-0.log
11 silly logfile done cleaning log files
12 silly packumentCache heap:4496293888 maxSize:1124073472 maxEntrySize:562036736
13 silly idealTree buildDeps
14 silly fetch manifest framer-motion@11.18.2
15 silly packumentCache full:https://registry.npmjs.org/framer-motion cache-miss
16 http fetch GET 200 https://registry.npmjs.org/framer-motion 452ms (cache miss)
17 silly packumentCache full:https://registry.npmjs.org/framer-motion set size:undefined disposed:false
18 silly fetch manifest @emotion/is-prop-valid@*
19 silly packumentCache full:https://registry.npmjs.org/@emotion%2fis-prop-valid cache-miss
20 http fetch GET 200 https://registry.npmjs.org/@emotion%2fis-prop-valid 75ms (cache miss)
21 silly packumentCache full:https://registry.npmjs.org/@emotion%2fis-prop-valid set size:undefined disposed:false
22 silly fetch manifest react@^18.3.1
23 silly packumentCache full:https://registry.npmjs.org/react cache-miss
24 http fetch GET 200 https://registry.npmjs.org/react 202ms (cache updated)
25 silly packumentCache full:https://registry.npmjs.org/react set size:undefined disposed:false
26 silly fetch manifest react-dom@^18.3.1
27 silly packumentCache full:https://registry.npmjs.org/react-dom cache-miss
28 http fetch GET 200 https://registry.npmjs.org/react-dom 192ms (cache updated)
29 silly packumentCache full:https://registry.npmjs.org/react-dom set size:undefined disposed:false
30 silly placeDep ROOT framer-motion@11.18.2 OK for: emlak-automation-listings@1.0.0 want: 11.18.2
31 silly fetch manifest motion-dom@^11.18.1
32 silly packumentCache full:https://registry.npmjs.org/motion-dom cache-miss
33 silly fetch manifest motion-utils@^11.18.1
34 silly packumentCache full:https://registry.npmjs.org/motion-utils cache-miss
35 http fetch GET 200 https://registry.npmjs.org/motion-dom 535ms (cache miss)
36 silly packumentCache full:https://registry.npmjs.org/motion-dom set size:undefined disposed:false
37 http fetch GET 200 https://registry.npmjs.org/motion-utils 556ms (cache miss)
38 silly packumentCache full:https://registry.npmjs.org/motion-utils set size:undefined disposed:false
39 silly placeDep ROOT motion-dom@11.18.1 OK for: framer-motion@11.18.2 want: ^11.18.1
40 silly placeDep ROOT motion-utils@11.18.1 OK for: framer-motion@11.18.2 want: ^11.18.1
41 silly reify moves {}
42 silly audit bulk request {
42 silly audit   '@alloc/quick-lru': [ '5.2.0' ],
42 silly audit   '@babel/runtime': [ '7.29.2' ],
42 silly audit   '@emnapi/runtime': [ '1.9.1' ],
42 silly audit   '@img/colour': [ '1.1.0' ],
42 silly audit   '@img/sharp-darwin-arm64': [ '0.34.5' ],
42 silly audit   '@img/sharp-darwin-x64': [ '0.34.5' ],
42 silly audit   '@img/sharp-libvips-darwin-arm64': [ '1.2.4' ],
42 silly audit   '@img/sharp-libvips-darwin-x64': [ '1.2.4' ],
42 silly audit   '@img/sharp-libvips-linux-arm': [ '1.2.4' ],
42 silly audit   '@img/sharp-libvips-linux-arm64': [ '1.2.4' ],
42 silly audit   '@img/sharp-libvips-linux-ppc64': [ '1.2.4' ],
42 silly audit   '@img/sharp-libvips-linux-riscv64': [ '1.2.4' ],
42 silly audit   '@img/sharp-libvips-linux-s390x': [ '1.2.4' ],
42 silly audit   '@img/sharp-libvips-linux-x64': [ '1.2.4' ],
42 silly audit   '@img/sharp-libvips-linuxmusl-arm64': [ '1.2.4' ],
42 silly audit   '@img/sharp-libvips-linuxmusl-x64': [ '1.2.4' ],
42 silly audit   '@img/sharp-linux-arm': [ '0.34.5' ],
42 silly audit   '@img/sharp-linux-arm64': [ '0.34.5' ],
42 silly audit   '@img/sharp-linux-ppc64': [ '0.34.5' ],
42 silly audit   '@img/sharp-linux-riscv64': [ '0.34.5' ],
42 silly audit   '@img/sharp-linux-s390x': [ '0.34.5' ],
42 silly audit   '@img/sharp-linux-x64': [ '0.34.5' ],
42 silly audit   '@img/sharp-linuxmusl-arm64': [ '0.34.5' ],
42 silly audit   '@img/sharp-linuxmusl-x64': [ '0.34.5' ],
42 silly audit   '@img/sharp-wasm32': [ '0.34.5' ],
42 silly audit   '@img/sharp-win32-arm64': [ '0.34.5' ],
42 silly audit   '@img/sharp-win32-ia32': [ '0.34.5' ],
42 silly audit   '@img/sharp-win32-x64': [ '0.34.5' ],
42 silly audit   '@jridgewell/gen-mapping': [ '0.3.13' ],
42 silly audit   '@jridgewell/resolve-uri': [ '3.1.2' ],
42 silly audit   '@jridgewell/sourcemap-codec': [ '1.5.5' ],
42 silly audit   '@jridgewell/trace-mapping': [ '0.3.31' ],
42 silly audit   '@next/env': [ '16.2.1' ],
42 silly audit   '@next/swc-darwin-arm64': [ '16.2.1' ],
42 silly audit   '@next/swc-darwin-x64': [ '16.2.1' ],
42 silly audit   '@next/swc-linux-arm64-gnu': [ '16.2.1' ],
42 silly audit   '@next/swc-linux-arm64-musl': [ '16.2.1' ],
42 silly audit   '@next/swc-linux-x64-gnu': [ '16.2.1' ],
42 silly audit   '@next/swc-linux-x64-musl': [ '16.2.1' ],
42 silly audit   '@next/swc-win32-arm64-msvc': [ '16.2.1' ],
42 silly audit   '@next/swc-win32-x64-msvc': [ '16.2.1' ],
42 silly audit   '@nodelib/fs.scandir': [ '2.1.5' ],
42 silly audit   '@nodelib/fs.stat': [ '2.0.5' ],
42 silly audit   '@nodelib/fs.walk': [ '1.2.8' ],
42 silly audit   '@panva/hkdf': [ '1.2.1' ],
42 silly audit   '@react-leaflet/core': [ '2.1.0' ],
42 silly audit   '@supabase/auth-helpers-nextjs': [ '0.10.0' ],
42 silly audit   '@supabase/auth-helpers-shared': [ '0.7.0' ],
42 silly audit   '@supabase/auth-js': [ '2.100.0' ],
42 silly audit   '@supabase/functions-js': [ '2.100.0' ],
42 silly audit   '@supabase/phoenix': [ '0.4.0' ],
42 silly audit   '@supabase/postgrest-js': [ '2.100.0' ],
42 silly audit   '@supabase/realtime-js': [ '2.100.0' ],
42 silly audit   '@supabase/storage-js': [ '2.100.0' ],
42 silly audit   '@supabase/supabase-js': [ '2.100.0' ],
42 silly audit   '@swc/helpers': [ '0.5.15' ],
42 silly audit   '@types/geojson': [ '7946.0.16' ],
42 silly audit   '@types/leaflet': [ '1.9.21' ],
42 silly audit   '@types/node': [ '20.14.10' ],
42 silly audit   '@types/prop-types': [ '15.7.15' ],
42 silly audit   '@types/react': [ '18.3.3' ],
42 silly audit   '@types/react-dom': [ '18.3.0' ],
42 silly audit   '@types/ws': [ '8.18.1' ],
42 silly audit   'any-promise': [ '1.3.0' ],
42 silly audit   anymatch: [ '3.1.3' ],
42 silly audit   arg: [ '5.0.2' ],
42 silly audit   autoprefixer: [ '10.4.19' ],
42 silly audit   'baseline-browser-mapping': [ '2.10.9' ],
42 silly audit   'binary-extensions': [ '2.3.0' ],
42 silly audit   braces: [ '3.0.3' ],
42 silly audit   browserslist: [ '4.28.1' ],
42 silly audit   'camelcase-css': [ '2.0.1' ],
42 silly audit   'caniuse-lite': [ '1.0.30001780' ],
42 silly audit   chokidar: [ '3.6.0' ],
42 silly audit   'glob-parent': [ '5.1.2', '6.0.2' ],
42 silly audit   'client-only': [ '0.0.1' ],
42 silly audit   cloudinary: [ '2.9.0' ],
42 silly audit   commander: [ '4.1.1' ],
42 silly audit   cookie: [ '0.7.2' ],
42 silly audit   cssesc: [ '3.0.0' ],
42 silly audit   csstype: [ '3.2.3' ],
42 silly audit   'detect-libc': [ '2.1.2' ],
42 silly audit   didyoumean: [ '1.2.2' ],
42 silly audit   dlv: [ '1.1.3' ],
42 silly audit   'electron-to-chromium': [ '1.5.321' ],
42 silly audit   escalade: [ '3.2.0' ],
42 silly audit   'fast-glob': [ '3.3.3' ],
42 silly audit   fastq: [ '1.20.1' ],
42 silly audit   'fill-range': [ '7.1.1' ],
42 silly audit   'fraction.js': [ '4.3.7' ],
42 silly audit   fsevents: [ '2.3.3' ],
42 silly audit   'function-bind': [ '1.1.2' ],
42 silly audit   hasown: [ '2.0.2' ],
42 silly audit   'iceberg-js': [ '0.8.1' ],
42 silly audit   'is-binary-path': [ '2.1.0' ],
42 silly audit   'is-core-module': [ '2.16.1' ],
42 silly audit   'is-extglob': [ '2.1.1' ],
42 silly audit   'is-glob': [ '4.0.3' ],
42 silly audit   'is-number': [ '7.0.0' ],
42 silly audit   jiti: [ '1.21.7' ],
42 silly audit   jose: [ '4.15.9' ],
42 silly audit   'js-tokens': [ '4.0.0' ],
42 silly audit   leaflet: [ '1.9.4' ],
42 silly audit   lilconfig: [ '2.1.0', '3.1.3' ],
42 silly audit   'lines-and-columns': [ '1.2.4' ],
42 silly audit   lodash: [ '4.17.23' ],
42 silly audit   'loose-envify': [ '1.4.0' ],
42 silly audit   'lru-cache': [ '6.0.0' ],
42 silly audit   'lucide-react': [ '0.577.0' ],
42 silly audit   merge2: [ '1.4.1' ],
42 silly audit   micromatch: [ '4.0.8' ],
42 silly audit   mz: [ '2.7.0' ],
42 silly audit   nanoid: [ '3.3.11' ],
42 silly audit   next: [ '16.2.1' ],
42 silly audit   'next-auth': [ '4.24.13' ],
42 silly audit   'next-themes': [ '0.4.6' ],
42 silly audit   postcss: [ '8.4.31', '8.4.39' ],
42 silly audit   'node-releases': [ '2.0.36' ],
42 silly audit   'normalize-path': [ '3.0.0' ],
42 silly audit   'normalize-range': [ '0.1.2' ],
42 silly audit   oauth: [ '0.9.15' ],
42 silly audit   'object-assign': [ '4.1.1' ],
42 silly audit   'object-hash': [ '3.0.0', '2.2.0' ],
42 silly audit   'oidc-token-hash': [ '5.2.0' ],
42 silly audit   'openid-client': [ '5.7.1' ],
42 silly audit   'path-parse': [ '1.0.7' ],
42 silly audit   picocolors: [ '1.1.1' ],
42 silly audit   picomatch: [ '2.3.1', '4.0.3' ],
42 silly audit   pify: [ '2.3.0' ],
42 silly audit   pirates: [ '4.0.7' ],
42 silly audit   'postcss-import': [ '15.1.0' ],
42 silly audit   'postcss-js': [ '4.1.0' ],
42 silly audit   'postcss-nested': [ '6.2.0' ],
42 silly audit   'postcss-selector-parser': [ '6.1.2' ],
42 silly audit   'postcss-value-parser': [ '4.2.0' ],
42 silly audit   preact: [ '10.29.0' ],
42 silly audit   'preact-render-to-string': [ '5.2.6' ],
42 silly audit   'pretty-format': [ '3.8.0' ],
42 silly audit   'queue-microtask': [ '1.2.3' ],
42 silly audit   react: [ '18.3.1' ],
42 silly audit   'react-dom': [ '18.3.1' ],
42 silly audit   'react-leaflet': [ '4.2.1' ],
42 silly audit   'read-cache': [ '1.0.0' ],
42 silly audit   readdirp: [ '3.6.0' ],
42 silly audit   resolve: [ '1.22.11' ],
42 silly audit   reusify: [ '1.1.0' ],
42 silly audit   'run-parallel': [ '1.2.0' ],
42 silly audit   scheduler: [ '0.23.2' ],
42 silly audit   semver: [ '7.7.4' ],
42 silly audit   'set-cookie-parser': [ '2.7.2' ],
42 silly audit   sharp: [ '0.34.5' ],
42 silly audit   'source-map-js': [ '1.2.1' ],
42 silly audit   'styled-jsx': [ '5.1.6' ],
42 silly audit   sucrase: [ '3.35.1' ],
42 silly audit   'supports-preserve-symlinks-flag': [ '1.0.0' ],
42 silly audit   tailwindcss: [ '3.4.6' ],
42 silly audit   'postcss-load-config': [ '4.0.2' ],
42 silly audit   thenify: [ '3.3.1' ],
42 silly audit   'thenify-all': [ '1.6.0' ],
42 silly audit   tinyglobby: [ '0.2.15' ],
42 silly audit   fdir: [ '6.5.0' ],
42 silly audit   'to-regex-range': [ '5.0.1' ],
42 silly audit   'ts-interface-checker': [ '0.1.13' ],
42 silly audit   tslib: [ '2.8.1' ],
42 silly audit   typescript: [ '5.5.3' ],
42 silly audit   'undici-types': [ '5.26.5' ],
42 silly audit   'update-browserslist-db': [ '1.2.3' ],
42 silly audit   'util-deprecate': [ '1.0.2' ],
42 silly audit   uuid: [ '8.3.2' ],
42 silly audit   ws: [ '8.20.0' ],
42 silly audit   yallist: [ '4.0.0' ],
42 silly audit   yaml: [ '2.8.2' ],
42 silly audit   'framer-motion': [ '11.18.2' ],
42 silly audit   'motion-dom': [ '11.18.1' ],
42 silly audit   'motion-utils': [ '11.18.1' ]
42 silly audit }
43 http cache motion-utils@https://registry.npmjs.org/motion-utils/-/motion-utils-11.18.1.tgz 0ms (cache hit)
44 http cache motion-dom@https://registry.npmjs.org/motion-dom/-/motion-dom-11.18.1.tgz 0ms (cache hit)
45 http cache framer-motion@https://registry.npmjs.org/framer-motion/-/framer-motion-11.18.2.tgz 0ms (cache hit)
46 silly tarball no local data for motion-utils@https://registry.npmjs.org/motion-utils/-/motion-utils-11.18.1.tgz. Extracting by manifest.
47 silly tarball no local data for motion-dom@https://registry.npmjs.org/motion-dom/-/motion-dom-11.18.1.tgz. Extracting by manifest.
48 silly tarball no local data for framer-motion@https://registry.npmjs.org/framer-motion/-/framer-motion-11.18.2.tgz. Extracting by manifest.
49 http fetch GET 200 https://registry.npmjs.org/motion-utils/-/motion-utils-11.18.1.tgz 55ms (cache miss)
50 http fetch POST 200 https://registry.npmjs.org/-/npm/v1/security/advisories/bulk 195ms
51 silly audit report {}
52 http fetch GET 200 https://registry.npmjs.org/motion-dom/-/motion-dom-11.18.1.tgz 274ms (cache miss)
53 http fetch GET 200 https://registry.npmjs.org/framer-motion/-/framer-motion-11.18.2.tgz 1037ms (cache miss)
54 silly ADD node_modules/motion-utils
55 silly ADD node_modules/motion-dom
56 silly ADD node_modules/framer-motion
57 verbose cwd C:\Users\utkug\Desktop\emlak
58 verbose os Windows_NT 10.0.26200
59 verbose node v24.14.0
60 verbose npm  v11.9.0
61 verbose exit 0
62 info ok
